<?xml version="1.0" encoding="UTF-8"?>
<!-- Generated by org.testng.reporters.JUnitReportReporter -->
<testsuite hostname="Personal" failures="0" tests="1" name="testCases.FeatureA" time="0.395" errors="0" timestamp="26 Jan 2019 14:46:10 GMT" skipped="0">
  <testcase classname="testCases.FeatureA" name="Test1" time="0.395"/>
</testsuite> <!-- testCases.FeatureA -->
