<?xml version="1.0" encoding="UTF-8"?>
<!-- Generated by org.testng.reporters.JUnitReportReporter -->
<testsuite hostname="Personal" failures="0" tests="1" name="testCases.TestFeatureLogin" time="10.300" errors="0" timestamp="20 Jan 2019 08:25:53 GMT" skipped="0">
  <testcase classname="testCases.TestFeatureLogin" name="testLogin" time="10.300"/>
</testsuite> <!-- testCases.TestFeatureLogin -->
